<?xml version="1.0" encoding="UTF-8"?>
<testng-results skipped="0" failed="0" total="1" passed="1">
  <reporter-output>
  </reporter-output>
  <suite name="Default suite" duration-ms="28" started-at="2018-11-08T11:00:36Z" finished-at="2018-11-08T11:00:36Z">
    <groups>
    </groups>
    <test name="Default test" duration-ms="28" started-at="2018-11-08T11:00:36Z" finished-at="2018-11-08T11:00:36Z">
      <class name="com.jenkins_maven_combinedemo.demoformavinjenkins">
        <test-method status="PASS" signature="try1()[pri:0, instance:com.jenkins_maven_combinedemo.demoformavinjenkins@6b143ee9]" name="try1" duration-ms="12" started-at="2018-11-08T16:30:36Z" finished-at="2018-11-08T16:30:36Z">
          <reporter-output>
          </reporter-output>
        </test-method> <!-- try1 -->
      </class> <!-- com.jenkins_maven_combinedemo.demoformavinjenkins -->
    </test> <!-- Default test -->
  </suite> <!-- Default suite -->
</testng-results>
